Determining if the pthread_create exist failed with the following output:
Change Dir: /home/dyros-vehicle/gitrepo/lockdpwn/ROS/wanderbot_ws/build/CMakeFiles/CMakeTmp

Run Build Command:/usr/bin/make "cmTryCompileExec1038523458/fast"
/usr/bin/make -f CMakeFiles/cmTryCompileExec1038523458.dir/build.make CMakeFiles/cmTryCompileExec1038523458.dir/build
make[1]: Entering directory `/home/dyros-vehicle/gitrepo/lockdpwn/ROS/wanderbot_ws/build/CMakeFiles/CMakeTmp'
/usr/bin/cmake -E cmake_progress_report /home/dyros-vehicle/gitrepo/lockdpwn/ROS/wanderbot_ws/build/CMakeFiles/CMakeTmp/CMakeFiles 1
Building C object CMakeFiles/cmTryCompileExec1038523458.dir/CheckSymbolExists.c.o
/usr/bin/cc    -o CMakeFiles/cmTryCompileExec1038523458.dir/CheckSymbolExists.c.o   -c /home/dyros-vehicle/gitrepo/lockdpwn/ROS/wanderbot_ws/build/CMakeFiles/CMakeTmp/CheckSymbolExists.c
Linking C executable cmTryCompileExec1038523458
/usr/bin/cmake -E cmake_link_script CMakeFiles/cmTryCompileExec1038523458.dir/link.txt --verbose=1
/usr/bin/cc       CMakeFiles/cmTryCompileExec1038523458.dir/CheckSymbolExists.c.o  -o cmTryCompileExec1038523458 -rdynamic 
CMakeFiles/cmTryCompileExec1038523458.dir/CheckSymbolExists.c.o: In function `main':
CheckSymbolExists.c:(.text+0x16): undefined reference to `pthread_create'
collect2: error: ld returned 1 exit status
make[1]: Leaving directory `/home/dyros-vehicle/gitrepo/lockdpwn/ROS/wanderbot_ws/build/CMakeFiles/CMakeTmp'
make[1]: *** [cmTryCompileExec1038523458] Error 1
make: *** [cmTryCompileExec1038523458/fast] Error 2

File /home/dyros-vehicle/gitrepo/lockdpwn/ROS/wanderbot_ws/build/CMakeFiles/CMakeTmp/CheckSymbolExists.c:
/* */
#include <pthread.h>

int main(int argc, char** argv)
{
  (void)argv;
#ifndef pthread_create
  return ((int*)(&pthread_create))[argc];
#else
  (void)argc;
  return 0;
#endif
}

Determining if the function pthread_create exists in the pthreads failed with the following output:
Change Dir: /home/dyros-vehicle/gitrepo/lockdpwn/ROS/wanderbot_ws/build/CMakeFiles/CMakeTmp

Run Build Command:/usr/bin/make "cmTryCompileExec3070583910/fast"
/usr/bin/make -f CMakeFiles/cmTryCompileExec3070583910.dir/build.make CMakeFiles/cmTryCompileExec3070583910.dir/build
make[1]: Entering directory `/home/dyros-vehicle/gitrepo/lockdpwn/ROS/wanderbot_ws/build/CMakeFiles/CMakeTmp'
/usr/bin/cmake -E cmake_progress_report /home/dyros-vehicle/gitrepo/lockdpwn/ROS/wanderbot_ws/build/CMakeFiles/CMakeTmp/CMakeFiles 1
Building C object CMakeFiles/cmTryCompileExec3070583910.dir/CheckFunctionExists.c.o
/usr/bin/cc   -DCHECK_FUNCTION_EXISTS=pthread_create   -o CMakeFiles/cmTryCompileExec3070583910.dir/CheckFunctionExists.c.o   -c /usr/share/cmake-2.8/Modules/CheckFunctionExists.c
Linking C executable cmTryCompileExec3070583910
/usr/bin/cmake -E cmake_link_script CMakeFiles/cmTryCompileExec3070583910.dir/link.txt --verbose=1
/usr/bin/cc   -DCHECK_FUNCTION_EXISTS=pthread_create    CMakeFiles/cmTryCompileExec3070583910.dir/CheckFunctionExists.c.o  -o cmTryCompileExec3070583910 -rdynamic -lpthreads 
/usr/bin/ld: cannot find -lpthreads
collect2: error: ld returned 1 exit status
make[1]: *** [cmTryCompileExec3070583910] Error 1
make[1]: Leaving directory `/home/dyros-vehicle/gitrepo/lockdpwn/ROS/wanderbot_ws/build/CMakeFiles/CMakeTmp'
make: *** [cmTryCompileExec3070583910/fast] Error 2


