Determining if the pthread_create exist failed with the following output:
Change Dir: /home/dyros-vehicle/gitrepo/lockdpwn/ROS/stockroombot_ws/build/CMakeFiles/CMakeTmp

Run Build Command:/usr/bin/make "cmTryCompileExec3405413834/fast"
/usr/bin/make -f CMakeFiles/cmTryCompileExec3405413834.dir/build.make CMakeFiles/cmTryCompileExec3405413834.dir/build
make[1]: Entering directory `/home/dyros-vehicle/gitrepo/lockdpwn/ROS/stockroombot_ws/build/CMakeFiles/CMakeTmp'
/usr/bin/cmake -E cmake_progress_report /home/dyros-vehicle/gitrepo/lockdpwn/ROS/stockroombot_ws/build/CMakeFiles/CMakeTmp/CMakeFiles 1
Building C object CMakeFiles/cmTryCompileExec3405413834.dir/CheckSymbolExists.c.o
/usr/bin/cc    -o CMakeFiles/cmTryCompileExec3405413834.dir/CheckSymbolExists.c.o   -c /home/dyros-vehicle/gitrepo/lockdpwn/ROS/stockroombot_ws/build/CMakeFiles/CMakeTmp/CheckSymbolExists.c
Linking C executable cmTryCompileExec3405413834
/usr/bin/cmake -E cmake_link_script CMakeFiles/cmTryCompileExec3405413834.dir/link.txt --verbose=1
/usr/bin/cc       CMakeFiles/cmTryCompileExec3405413834.dir/CheckSymbolExists.c.o  -o cmTryCompileExec3405413834 -rdynamic 
CMakeFiles/cmTryCompileExec3405413834.dir/CheckSymbolExists.c.o: In function `main':
CheckSymbolExists.c:(.text+0x16): undefined reference to `pthread_create'
collect2: error: ld returned 1 exit status
make[1]: *** [cmTryCompileExec3405413834] 오류 1
make[1]: Leaving directory `/home/dyros-vehicle/gitrepo/lockdpwn/ROS/stockroombot_ws/build/CMakeFiles/CMakeTmp'
make: *** [cmTryCompileExec3405413834/fast] 오류 2

File /home/dyros-vehicle/gitrepo/lockdpwn/ROS/stockroombot_ws/build/CMakeFiles/CMakeTmp/CheckSymbolExists.c:
/* */
#include <pthread.h>

int main(int argc, char** argv)
{
  (void)argv;
#ifndef pthread_create
  return ((int*)(&pthread_create))[argc];
#else
  (void)argc;
  return 0;
#endif
}

Determining if the function pthread_create exists in the pthreads failed with the following output:
Change Dir: /home/dyros-vehicle/gitrepo/lockdpwn/ROS/stockroombot_ws/build/CMakeFiles/CMakeTmp

Run Build Command:/usr/bin/make "cmTryCompileExec928388057/fast"
/usr/bin/make -f CMakeFiles/cmTryCompileExec928388057.dir/build.make CMakeFiles/cmTryCompileExec928388057.dir/build
make[1]: Entering directory `/home/dyros-vehicle/gitrepo/lockdpwn/ROS/stockroombot_ws/build/CMakeFiles/CMakeTmp'
/usr/bin/cmake -E cmake_progress_report /home/dyros-vehicle/gitrepo/lockdpwn/ROS/stockroombot_ws/build/CMakeFiles/CMakeTmp/CMakeFiles 1
Building C object CMakeFiles/cmTryCompileExec928388057.dir/CheckFunctionExists.c.o
/usr/bin/cc   -DCHECK_FUNCTION_EXISTS=pthread_create   -o CMakeFiles/cmTryCompileExec928388057.dir/CheckFunctionExists.c.o   -c /usr/share/cmake-2.8/Modules/CheckFunctionExists.c
Linking C executable cmTryCompileExec928388057
/usr/bin/cmake -E cmake_link_script CMakeFiles/cmTryCompileExec928388057.dir/link.txt --verbose=1
/usr/bin/cc   -DCHECK_FUNCTION_EXISTS=pthread_create    CMakeFiles/cmTryCompileExec928388057.dir/CheckFunctionExists.c.o  -o cmTryCompileExec928388057 -rdynamic -lpthreads 
/usr/bin/ld: cannot find -lpthreads
collect2: error: ld returned 1 exit status
make[1]: *** [cmTryCompileExec928388057] 오류 1
make[1]: Leaving directory `/home/dyros-vehicle/gitrepo/lockdpwn/ROS/stockroombot_ws/build/CMakeFiles/CMakeTmp'
make: *** [cmTryCompileExec928388057/fast] 오류 2


