Determining if the pthread_create exist failed with the following output:
Change Dir: /home/dyros-vehicle/gitrepo/lockdpwn/ROS/rosbook_ws/build/CMakeFiles/CMakeTmp

Run Build Command:/usr/bin/make "cmTryCompileExec4095334002/fast"
/usr/bin/make -f CMakeFiles/cmTryCompileExec4095334002.dir/build.make CMakeFiles/cmTryCompileExec4095334002.dir/build
make[1]: Entering directory `/home/dyros-vehicle/gitrepo/lockdpwn/ROS/rosbook_ws/build/CMakeFiles/CMakeTmp'
/usr/bin/cmake -E cmake_progress_report /home/dyros-vehicle/gitrepo/lockdpwn/ROS/rosbook_ws/build/CMakeFiles/CMakeTmp/CMakeFiles 1
Building C object CMakeFiles/cmTryCompileExec4095334002.dir/CheckSymbolExists.c.o
/usr/bin/cc    -o CMakeFiles/cmTryCompileExec4095334002.dir/CheckSymbolExists.c.o   -c /home/dyros-vehicle/gitrepo/lockdpwn/ROS/rosbook_ws/build/CMakeFiles/CMakeTmp/CheckSymbolExists.c
Linking C executable cmTryCompileExec4095334002
/usr/bin/cmake -E cmake_link_script CMakeFiles/cmTryCompileExec4095334002.dir/link.txt --verbose=1
/usr/bin/cc       CMakeFiles/cmTryCompileExec4095334002.dir/CheckSymbolExists.c.o  -o cmTryCompileExec4095334002 -rdynamic 
CMakeFiles/cmTryCompileExec4095334002.dir/CheckSymbolExists.c.o: In function `main':
CheckSymbolExists.c:(.text+0x16): undefined reference to `pthread_create'
collect2: error: ld returned 1 exit status
make[1]: *** [cmTryCompileExec4095334002] 오류 1
make[1]: Leaving directory `/home/dyros-vehicle/gitrepo/lockdpwn/ROS/rosbook_ws/build/CMakeFiles/CMakeTmp'
make: *** [cmTryCompileExec4095334002/fast] 오류 2

File /home/dyros-vehicle/gitrepo/lockdpwn/ROS/rosbook_ws/build/CMakeFiles/CMakeTmp/CheckSymbolExists.c:
/* */
#include <pthread.h>

int main(int argc, char** argv)
{
  (void)argv;
#ifndef pthread_create
  return ((int*)(&pthread_create))[argc];
#else
  (void)argc;
  return 0;
#endif
}

Determining if the function pthread_create exists in the pthreads failed with the following output:
Change Dir: /home/dyros-vehicle/gitrepo/lockdpwn/ROS/rosbook_ws/build/CMakeFiles/CMakeTmp

Run Build Command:/usr/bin/make "cmTryCompileExec2308572491/fast"
/usr/bin/make -f CMakeFiles/cmTryCompileExec2308572491.dir/build.make CMakeFiles/cmTryCompileExec2308572491.dir/build
make[1]: Entering directory `/home/dyros-vehicle/gitrepo/lockdpwn/ROS/rosbook_ws/build/CMakeFiles/CMakeTmp'
/usr/bin/cmake -E cmake_progress_report /home/dyros-vehicle/gitrepo/lockdpwn/ROS/rosbook_ws/build/CMakeFiles/CMakeTmp/CMakeFiles 1
Building C object CMakeFiles/cmTryCompileExec2308572491.dir/CheckFunctionExists.c.o
/usr/bin/cc   -DCHECK_FUNCTION_EXISTS=pthread_create   -o CMakeFiles/cmTryCompileExec2308572491.dir/CheckFunctionExists.c.o   -c /usr/share/cmake-2.8/Modules/CheckFunctionExists.c
Linking C executable cmTryCompileExec2308572491
/usr/bin/cmake -E cmake_link_script CMakeFiles/cmTryCompileExec2308572491.dir/link.txt --verbose=1
/usr/bin/cc   -DCHECK_FUNCTION_EXISTS=pthread_create    CMakeFiles/cmTryCompileExec2308572491.dir/CheckFunctionExists.c.o  -o cmTryCompileExec2308572491 -rdynamic -lpthreads 
/usr/bin/ld: cannot find -lpthreads
collect2: error: ld returned 1 exit status
make[1]: *** [cmTryCompileExec2308572491] 오류 1
make[1]: Leaving directory `/home/dyros-vehicle/gitrepo/lockdpwn/ROS/rosbook_ws/build/CMakeFiles/CMakeTmp'
make: *** [cmTryCompileExec2308572491/fast] 오류 2


